Using pre-set license
Built from '2020.3/staging' branch; Version is '2020.3.25f1 (9b9180224418) revision 10195328'; Using compiler version '192528614'; Build Type 'Release'
OS: 'Windows 10  (10.0.19043) 64bit Professional' Language: 'en' Physical Memory: 32664 MB
BatchMode: 1, IsHumanControllingUs: 0, StartBugReporterOnCrash: 0, Is64bit: 1, IsPro: 0

COMMAND LINE ARGUMENTS:
C:\Program Files\Unity\Hub\Editor\2020.3.25f1\Editor\Unity.exe
-adb2
-batchMode
-noUpm
-name
AssetImportWorker0
-projectPath
C:/Users/Asus/Desktop/bruuh/Shitcore-Studios-Project
-logFile
Logs/AssetImportWorker0.log
-srvPort
63730
Successfully changed project path to: C:/Users/Asus/Desktop/bruuh/Shitcore-Studios-Project
C:/Users/Asus/Desktop/bruuh/Shitcore-Studios-Project
Using Asset Import Pipeline V2.
Refreshing native plugins compatible for Editor in 50.56 ms, found 3 plugins.
Preloading 0 native plugins for Editor in 0.00 ms.
Initialize engine version: 2020.3.25f1 (9b9180224418)
[Subsystems] Discovering subsystems at path C:/Program Files/Unity/Hub/Editor/2020.3.25f1/Editor/Data/Resources/UnitySubsystems
[Subsystems] Discovering subsystems at path C:/Users/Asus/Desktop/bruuh/Shitcore-Studios-Project/Assets
GfxDevice: creating device client; threaded=0
Direct3D:
    Version:  Direct3D 11.0 [level 11.1]
    Renderer: NVIDIA GeForce RTX 2080 SUPER (ID=0x1e81)
    Vendor:   
    VRAM:     8010 MB
    Driver:   30.0.14.9613
Initialize mono
Mono path[0] = 'C:/Program Files/Unity/Hub/Editor/2020.3.25f1/Editor/Data/Managed'
Mono path[1] = 'C:/Program Files/Unity/Hub/Editor/2020.3.25f1/Editor/Data/MonoBleedingEdge/lib/mono/unityjit'
Mono config path = 'C:/Program Files/Unity/Hub/Editor/2020.3.25f1/Editor/Data/MonoBleedingEdge/etc'
Using monoOptions --debugger-agent=transport=dt_socket,embedding=1,server=y,suspend=n,address=127.0.0.1:56008
Begin MonoManager ReloadAssembly
Registering precompiled unity dll's ...
Register platform support module: C:/Program Files/Unity/Hub/Editor/2020.3.25f1/Editor/Data/PlaybackEngines/MacStandaloneSupport/UnityEditor.OSXStandalone.Extensions.dll
Register platform support module: C:/Program Files/Unity/Hub/Editor/2020.3.25f1/Editor/Data/PlaybackEngines/WindowsStandaloneSupport/UnityEditor.WindowsStandalone.Extensions.dll
Register platform support module: C:/Program Files/Unity/Hub/Editor/2020.3.25f1/Editor/Data/PlaybackEngines/LinuxStandaloneSupport/UnityEditor.LinuxStandalone.Extensions.dll
Registered in 0.002129 seconds.
Native extension for LinuxStandalone target not found
Native extension for WindowsStandalone target not found
Native extension for OSXStandalone target not found
Refreshing native plugins compatible for Editor in 47.88 ms, found 3 plugins.
Preloading 0 native plugins for Editor in 0.00 ms.
Mono: successfully reloaded assembly
- Completed reload, in  0.451 seconds
Domain Reload Profiling:
	ReloadAssembly (452ms)
		BeginReloadAssembly (39ms)
			ExecutionOrderSort (0ms)
			DisableScriptedObjects (0ms)
			BackupInstance (0ms)
			ReleaseScriptingObjects (0ms)
			CreateAndSetChildDomain (1ms)
		EndReloadAssembly (359ms)
			LoadAssemblies (38ms)
			RebuildTransferFunctionScriptingTraits (0ms)
			SetupTypeCache (112ms)
			ReleaseScriptCaches (0ms)
			RebuildScriptCaches (23ms)
			SetupLoadedEditorAssemblies (146ms)
				LogAssemblyErrors (0ms)
				InitializePlatformSupportModulesInManaged (5ms)
				SetLoadedEditorAssemblies (0ms)
				RefreshPlugins (48ms)
				BeforeProcessingInitializeOnLoad (13ms)
				ProcessInitializeOnLoadAttributes (60ms)
				ProcessInitializeOnLoadMethodAttributes (20ms)
				AfterProcessingInitializeOnLoad (0ms)
				EditorAssembliesLoaded (0ms)
			ExecutionOrderSort2 (0ms)
			AwakeInstancesAfterBackupRestoration (0ms)
Platform modules already initialized, skipping
Registering precompiled user dll's ...
Registered in 0.004132 seconds.
Begin MonoManager ReloadAssembly
Native extension for LinuxStandalone target not found
Native extension for WindowsStandalone target not found
Native extension for OSXStandalone target not found
Refreshing native plugins compatible for Editor in 53.68 ms, found 3 plugins.
Preloading 0 native plugins for Editor in 0.00 ms.
Mono: successfully reloaded assembly
- Completed reload, in  0.918 seconds
Domain Reload Profiling:
	ReloadAssembly (919ms)
		BeginReloadAssembly (105ms)
			ExecutionOrderSort (0ms)
			DisableScriptedObjects (4ms)
			BackupInstance (0ms)
			ReleaseScriptingObjects (0ms)
			CreateAndSetChildDomain (14ms)
		EndReloadAssembly (767ms)
			LoadAssemblies (69ms)
			RebuildTransferFunctionScriptingTraits (0ms)
			SetupTypeCache (254ms)
			ReleaseScriptCaches (1ms)
			RebuildScriptCaches (42ms)
			SetupLoadedEditorAssemblies (303ms)
				LogAssemblyErrors (0ms)
				InitializePlatformSupportModulesInManaged (6ms)
				SetLoadedEditorAssemblies (0ms)
				RefreshPlugins (54ms)
				BeforeProcessingInitializeOnLoad (79ms)
				ProcessInitializeOnLoadAttributes (146ms)
				ProcessInitializeOnLoadMethodAttributes (13ms)
				AfterProcessingInitializeOnLoad (5ms)
				EditorAssembliesLoaded (0ms)
			ExecutionOrderSort2 (0ms)
			AwakeInstancesAfterBackupRestoration (5ms)
Platform modules already initialized, skipping
========================================================================
Worker process is ready to serve import requests
Launched and connected shader compiler UnityShaderCompiler.exe after 0.03 seconds
Refreshing native plugins compatible for Editor in 0.56 ms, found 3 plugins.
Preloading 0 native plugins for Editor in 0.00 ms.
Unloading 3341 Unused Serialized files (Serialized files now loaded: 0)
System memory in use before: 143.7 MB.
System memory in use after: 143.9 MB.

Unloading 29 unused Assets to reduce memory usage. Loaded Objects now: 3773.
Total: 2.911100 ms (FindLiveObjects: 0.245200 ms CreateObjectMapping: 0.130400 ms MarkObjects: 2.481100 ms  DeleteObjects: 0.053800 ms)

AssetImportParameters requested are different than current active one (requested -> active):
  custom:framework-win-MediaFoundation: 216162199b28c13a410421893ffa2e32 -> 
  custom:video-decoder-ogg-theora: a1e56fd34408186e4bbccfd4996cb3dc -> 
  custom:container-muxer-webm: aa71ff27fc2769a1b78a27578f13a17b -> 
  custom:container-demuxer-webm: 4f35f7cbe854078d1ac9338744f61a02 -> 
  custom:container-demuxer-ogg: 62fdf1f143b41e24485cea50d1cbac27 -> 
  custom:video-encoder-webm-vp8: eb34c28f22e8b96e1ab97ce403110664 -> 
  custom:video-decoder-webm-vp8: 9c59270c3fd7afecdb556c50c9e8de78 -> 
  custom:audio-decoder-ogg-vorbis: bf7c407c2cedff20999df2af8eb42d56 -> 
  custom:audio-encoder-webm-vorbis: bf7c407c2cedff20999df2af8eb42d56 -> 
========================================================================
Received Import Request.
  path: Assets/rainbow_puke_v2.asset
  artifactKey: Guid(abf1aa7853663e240a447d53b60e0bb4) Importer(815301076,1909f56bfc062723c751e8b465ee728b)
Start importing Assets/rainbow_puke_v2.asset using Guid(abf1aa7853663e240a447d53b60e0bb4) Importer(815301076,1909f56bfc062723c751e8b465ee728b)  -> (artifact id: 'c9fc8887d59d3ea69f4f8674c88e103b') in 0.062670 seconds 
  Import took 0.066894 seconds .

========================================================================
Received Import Request.
  Time since last request: 1.561392 seconds.
  path: Assets/New Palette.prefab
  artifactKey: Guid(3ae496460622e4c479765b48f83cc959) Importer(815301076,1909f56bfc062723c751e8b465ee728b)
Start importing Assets/New Palette.prefab using Guid(3ae496460622e4c479765b48f83cc959) Importer(815301076,1909f56bfc062723c751e8b465ee728b)  -> (artifact id: 'f4aac1db02e6ace0c48e1f9ab5d80f5c') in 0.109524 seconds 
  Import took 0.113714 seconds .

========================================================================
Received Import Request.
  Time since last request: 0.000234 seconds.
  path: Assets/rainbow_puke_saturated.asset
  artifactKey: Guid(71809b87352b5e74587ecf293d5f5a07) Importer(815301076,1909f56bfc062723c751e8b465ee728b)
Start importing Assets/rainbow_puke_saturated.asset using Guid(71809b87352b5e74587ecf293d5f5a07) Importer(815301076,1909f56bfc062723c751e8b465ee728b)  -> (artifact id: '6b16f2ea5ff32817f80fa33443dcb70d') in 0.014306 seconds 
  Import took 0.017987 seconds .

========================================================================
Received Import Request.
  Time since last request: 0.000162 seconds.
  path: Assets/rainbow_puke_v2.png
  artifactKey: Guid(c3beae7c5aa086848a5de83ad9202427) Importer(815301076,1909f56bfc062723c751e8b465ee728b)
Start importing Assets/rainbow_puke_v2.png using Guid(c3beae7c5aa086848a5de83ad9202427) Importer(815301076,1909f56bfc062723c751e8b465ee728b)  -> (artifact id: '292acda3b2ac3d0841b247efeb20a8cc') in 0.035398 seconds 
  Import took 0.039111 seconds .

========================================================================
Received Import Request.
  Time since last request: 0.000127 seconds.
  path: Assets/rainbow_puke_unsat.asset
  artifactKey: Guid(19e4b8d7788715e40ba4988100c5cc05) Importer(815301076,1909f56bfc062723c751e8b465ee728b)
Start importing Assets/rainbow_puke_unsat.asset using Guid(19e4b8d7788715e40ba4988100c5cc05) Importer(815301076,1909f56bfc062723c751e8b465ee728b)  -> (artifact id: '9b403b42db2cb7299ae445554d47e4cb') in 0.007910 seconds 
  Import took 0.011924 seconds .

========================================================================
Received Import Request.
  Time since last request: 0.000138 seconds.
  path: Assets/New_Piskel-1.png_5.png
  artifactKey: Guid(ad48d041c9d02c144a55bc1143092e61) Importer(815301076,1909f56bfc062723c751e8b465ee728b)
Start importing Assets/New_Piskel-1.png_5.png using Guid(ad48d041c9d02c144a55bc1143092e61) Importer(815301076,1909f56bfc062723c751e8b465ee728b)  -> (artifact id: 'ba0c2d57989412a01fc2b51c75fb4366') in 0.029118 seconds 
  Import took 0.032888 seconds .

========================================================================
Received Import Request.
  Time since last request: 0.000139 seconds.
  path: Assets/rainbow_puke_unsat.png
  artifactKey: Guid(406cef8ce8947e848b89e365af8da043) Importer(815301076,1909f56bfc062723c751e8b465ee728b)
Start importing Assets/rainbow_puke_unsat.png using Guid(406cef8ce8947e848b89e365af8da043) Importer(815301076,1909f56bfc062723c751e8b465ee728b)  -> (artifact id: '39d8ec31b8e18e6aec2e799c23ed4d67') in 0.008709 seconds 
  Import took 0.012446 seconds .

========================================================================
Received Import Request.
  Time since last request: 0.000158 seconds.
  path: Assets/rainbow_puke_saturated.png
  artifactKey: Guid(c145c3ada4dbecb4092bf2e81220601b) Importer(815301076,1909f56bfc062723c751e8b465ee728b)
Start importing Assets/rainbow_puke_saturated.png using Guid(c145c3ada4dbecb4092bf2e81220601b) Importer(815301076,1909f56bfc062723c751e8b465ee728b)  -> (artifact id: '576e93f296eac11fe75380f341e06a47') in 0.008430 seconds 
  Import took 0.012190 seconds .

========================================================================
Received Prepare
Registering precompiled user dll's ...
Registered in 0.003791 seconds.
Begin MonoManager ReloadAssembly
Native extension for LinuxStandalone target not found
Native extension for WindowsStandalone target not found
Native extension for OSXStandalone target not found
Refreshing native plugins compatible for Editor in 0.57 ms, found 3 plugins.
Preloading 0 native plugins for Editor in 0.00 ms.
Mono: successfully reloaded assembly
- Completed reload, in  0.866 seconds
Domain Reload Profiling:
	ReloadAssembly (866ms)
		BeginReloadAssembly (109ms)
			ExecutionOrderSort (0ms)
			DisableScriptedObjects (6ms)
			BackupInstance (0ms)
			ReleaseScriptingObjects (0ms)
			CreateAndSetChildDomain (29ms)
		EndReloadAssembly (712ms)
			LoadAssemblies (69ms)
			RebuildTransferFunctionScriptingTraits (0ms)
			SetupTypeCache (254ms)
			ReleaseScriptCaches (1ms)
			RebuildScriptCaches (36ms)
			SetupLoadedEditorAssemblies (239ms)
				LogAssemblyErrors (0ms)
				InitializePlatformSupportModulesInManaged (5ms)
				SetLoadedEditorAssemblies (0ms)
				RefreshPlugins (1ms)
				BeforeProcessingInitializeOnLoad (74ms)
				ProcessInitializeOnLoadAttributes (146ms)
				ProcessInitializeOnLoadMethodAttributes (8ms)
				AfterProcessingInitializeOnLoad (5ms)
				EditorAssembliesLoaded (0ms)
			ExecutionOrderSort2 (0ms)
			AwakeInstancesAfterBackupRestoration (13ms)
Platform modules already initialized, skipping
Refreshing native plugins compatible for Editor in 0.57 ms, found 3 plugins.
Preloading 0 native plugins for Editor in 0.00 ms.
Unloading 3226 Unused Serialized files (Serialized files now loaded: 0)
System memory in use before: 141.2 MB.
System memory in use after: 141.4 MB.

Unloading 18 unused Assets to reduce memory usage. Loaded Objects now: 3828.
Total: 2.590200 ms (FindLiveObjects: 0.223900 ms CreateObjectMapping: 0.135600 ms MarkObjects: 2.217600 ms  DeleteObjects: 0.012400 ms)

AssetImportParameters requested are different than current active one (requested -> active):
  custom:framework-win-MediaFoundation: 216162199b28c13a410421893ffa2e32 -> 
  custom:video-decoder-ogg-theora: a1e56fd34408186e4bbccfd4996cb3dc -> 
  custom:container-muxer-webm: aa71ff27fc2769a1b78a27578f13a17b -> 
  custom:container-demuxer-webm: 4f35f7cbe854078d1ac9338744f61a02 -> 
  custom:container-demuxer-ogg: 62fdf1f143b41e24485cea50d1cbac27 -> 
  custom:video-encoder-webm-vp8: eb34c28f22e8b96e1ab97ce403110664 -> 
  custom:video-decoder-webm-vp8: 9c59270c3fd7afecdb556c50c9e8de78 -> 
  custom:audio-decoder-ogg-vorbis: bf7c407c2cedff20999df2af8eb42d56 -> 
  custom:audio-encoder-webm-vorbis: bf7c407c2cedff20999df2af8eb42d56 -> 
========================================================================
Received Import Request.
  Time since last request: 28.218219 seconds.
  path: Assets/FaceGuy
  artifactKey: Guid(5f84601bfb551614fa3cb4debdb9299a) Importer(815301076,1909f56bfc062723c751e8b465ee728b)
Start importing Assets/FaceGuy using Guid(5f84601bfb551614fa3cb4debdb9299a) Importer(815301076,1909f56bfc062723c751e8b465ee728b)  -> (artifact id: 'b8c0099b703cb283e4f48ef7f9a604ae') in 0.007023 seconds 
  Import took 0.010918 seconds .

========================================================================
Received Import Request.
  Time since last request: 24.221256 seconds.
  path: Assets/FaceGuy/f1.png
  artifactKey: Guid(dd8f3c93fb91f0547920f81ad30a32e5) Importer(815301076,1909f56bfc062723c751e8b465ee728b)
Start importing Assets/FaceGuy/f1.png using Guid(dd8f3c93fb91f0547920f81ad30a32e5) Importer(815301076,1909f56bfc062723c751e8b465ee728b)  -> (artifact id: '622d81ccfaa71495cf3a867ec36bd436') in 0.039997 seconds 
  Import took 0.044152 seconds .

========================================================================
Received Import Request.
  Time since last request: 0.000307 seconds.
  path: Assets/FaceGuy/f3.png
  artifactKey: Guid(6990f0cc215f20946869d974ea4cd25e) Importer(815301076,1909f56bfc062723c751e8b465ee728b)
Start importing Assets/FaceGuy/f3.png using Guid(6990f0cc215f20946869d974ea4cd25e) Importer(815301076,1909f56bfc062723c751e8b465ee728b)  -> (artifact id: '84a93b627ad31577f0dd08a5e7f22a8a') in 0.011050 seconds 
  Import took 0.015156 seconds .

========================================================================
Received Import Request.
  Time since last request: 0.000166 seconds.
  path: Assets/FaceGuy/f2.png
  artifactKey: Guid(10ee71c0ee0320a4285378a4b0a5f709) Importer(815301076,1909f56bfc062723c751e8b465ee728b)
Start importing Assets/FaceGuy/f2.png using Guid(10ee71c0ee0320a4285378a4b0a5f709) Importer(815301076,1909f56bfc062723c751e8b465ee728b)  -> (artifact id: '211a937b160b90ec136612b90d1c6ecc') in 0.010497 seconds 
  Import took 0.014386 seconds .

========================================================================
Received Import Request.
  Time since last request: 14.116223 seconds.
  path: Assets/FaceGuy/f1.png
  artifactKey: Guid(dd8f3c93fb91f0547920f81ad30a32e5) Importer(815301076,1909f56bfc062723c751e8b465ee728b)
Start importing Assets/FaceGuy/f1.png using Guid(dd8f3c93fb91f0547920f81ad30a32e5) Importer(815301076,1909f56bfc062723c751e8b465ee728b)  -> (artifact id: 'cc7f0e3c5515f92ae438c14db4cf1cff') in 0.013923 seconds 
  Import took 0.018046 seconds .

========================================================================
Received Import Request.
  Time since last request: 4.224895 seconds.
  path: Assets/FaceGuy/f1.png
  artifactKey: Guid(dd8f3c93fb91f0547920f81ad30a32e5) Importer(815301076,1909f56bfc062723c751e8b465ee728b)
Start importing Assets/FaceGuy/f1.png using Guid(dd8f3c93fb91f0547920f81ad30a32e5) Importer(815301076,1909f56bfc062723c751e8b465ee728b)  -> (artifact id: '56fe8bbca8382586452aa71572bc8849') in 0.006880 seconds 
  Import took 0.011010 seconds .

========================================================================
Received Import Request.
  Time since last request: 5.998884 seconds.
  path: Assets/FaceGuy/f1.png
  artifactKey: Guid(dd8f3c93fb91f0547920f81ad30a32e5) Importer(815301076,1909f56bfc062723c751e8b465ee728b)
Start importing Assets/FaceGuy/f1.png using Guid(dd8f3c93fb91f0547920f81ad30a32e5) Importer(815301076,1909f56bfc062723c751e8b465ee728b)  -> (artifact id: 'e684404baa06633bd2de5dfb903e52b3') in 0.012894 seconds 
  Import took 0.017906 seconds .

========================================================================
Received Import Request.
  Time since last request: 7.604826 seconds.
  path: Assets/FaceGuy/f2.png
  artifactKey: Guid(10ee71c0ee0320a4285378a4b0a5f709) Importer(815301076,1909f56bfc062723c751e8b465ee728b)
Start importing Assets/FaceGuy/f2.png using Guid(10ee71c0ee0320a4285378a4b0a5f709) Importer(815301076,1909f56bfc062723c751e8b465ee728b)  -> (artifact id: '81548129e7ebe0fa79e6f4a71a6981b3') in 0.020109 seconds 
  Import took 0.024195 seconds .

========================================================================
Received Import Request.
  Time since last request: 0.000133 seconds.
  path: Assets/FaceGuy/f3.png
  artifactKey: Guid(6990f0cc215f20946869d974ea4cd25e) Importer(815301076,1909f56bfc062723c751e8b465ee728b)
Start importing Assets/FaceGuy/f3.png using Guid(6990f0cc215f20946869d974ea4cd25e) Importer(815301076,1909f56bfc062723c751e8b465ee728b)  -> (artifact id: '7192a4af4bcfa68a6d60d288424f7a8b') in 0.046155 seconds 
  Import took 0.049903 seconds .

========================================================================
Received Prepare
Registering precompiled user dll's ...
Registered in 0.003702 seconds.
Begin MonoManager ReloadAssembly
Native extension for LinuxStandalone target not found
Native extension for WindowsStandalone target not found
Native extension for OSXStandalone target not found
Refreshing native plugins compatible for Editor in 0.57 ms, found 3 plugins.
Preloading 0 native plugins for Editor in 0.00 ms.
Mono: successfully reloaded assembly
- Completed reload, in  0.833 seconds
Domain Reload Profiling:
	ReloadAssembly (833ms)
		BeginReloadAssembly (89ms)
			ExecutionOrderSort (0ms)
			DisableScriptedObjects (5ms)
			BackupInstance (0ms)
			ReleaseScriptingObjects (0ms)
			CreateAndSetChildDomain (32ms)
		EndReloadAssembly (697ms)
			LoadAssemblies (69ms)
			RebuildTransferFunctionScriptingTraits (0ms)
			SetupTypeCache (242ms)
			ReleaseScriptCaches (1ms)
			RebuildScriptCaches (34ms)
			SetupLoadedEditorAssemblies (240ms)
				LogAssemblyErrors (0ms)
				InitializePlatformSupportModulesInManaged (5ms)
				SetLoadedEditorAssemblies (0ms)
				RefreshPlugins (1ms)
				BeforeProcessingInitializeOnLoad (74ms)
				ProcessInitializeOnLoadAttributes (147ms)
				ProcessInitializeOnLoadMethodAttributes (8ms)
				AfterProcessingInitializeOnLoad (5ms)
				EditorAssembliesLoaded (0ms)
			ExecutionOrderSort2 (0ms)
			AwakeInstancesAfterBackupRestoration (14ms)
Platform modules already initialized, skipping
Refreshing native plugins compatible for Editor in 0.57 ms, found 3 plugins.
Preloading 0 native plugins for Editor in 0.00 ms.
Unloading 3226 Unused Serialized files (Serialized files now loaded: 0)
System memory in use before: 141.3 MB.
System memory in use after: 141.5 MB.

Unloading 18 unused Assets to reduce memory usage. Loaded Objects now: 3833.
Total: 2.936800 ms (FindLiveObjects: 0.276700 ms CreateObjectMapping: 0.129900 ms MarkObjects: 2.517000 ms  DeleteObjects: 0.012500 ms)

AssetImportParameters requested are different than current active one (requested -> active):
  custom:framework-win-MediaFoundation: 216162199b28c13a410421893ffa2e32 -> 
  custom:video-decoder-ogg-theora: a1e56fd34408186e4bbccfd4996cb3dc -> 
  custom:container-muxer-webm: aa71ff27fc2769a1b78a27578f13a17b -> 
  custom:container-demuxer-webm: 4f35f7cbe854078d1ac9338744f61a02 -> 
  custom:container-demuxer-ogg: 62fdf1f143b41e24485cea50d1cbac27 -> 
  custom:video-encoder-webm-vp8: eb34c28f22e8b96e1ab97ce403110664 -> 
  custom:video-decoder-webm-vp8: 9c59270c3fd7afecdb556c50c9e8de78 -> 
  custom:audio-decoder-ogg-vorbis: bf7c407c2cedff20999df2af8eb42d56 -> 
  custom:audio-encoder-webm-vorbis: bf7c407c2cedff20999df2af8eb42d56 -> 
========================================================================
Received Prepare
Registering precompiled user dll's ...
Registered in 0.004249 seconds.
Begin MonoManager ReloadAssembly
Native extension for LinuxStandalone target not found
Native extension for WindowsStandalone target not found
Native extension for OSXStandalone target not found
Refreshing native plugins compatible for Editor in 0.63 ms, found 3 plugins.
Preloading 0 native plugins for Editor in 0.00 ms.
Mono: successfully reloaded assembly
- Completed reload, in  0.890 seconds
Domain Reload Profiling:
	ReloadAssembly (890ms)
		BeginReloadAssembly (100ms)
			ExecutionOrderSort (0ms)
			DisableScriptedObjects (5ms)
			BackupInstance (0ms)
			ReleaseScriptingObjects (0ms)
			CreateAndSetChildDomain (29ms)
		EndReloadAssembly (743ms)
			LoadAssemblies (73ms)
			RebuildTransferFunctionScriptingTraits (0ms)
			SetupTypeCache (258ms)
			ReleaseScriptCaches (1ms)
			RebuildScriptCaches (38ms)
			SetupLoadedEditorAssemblies (253ms)
				LogAssemblyErrors (0ms)
				InitializePlatformSupportModulesInManaged (5ms)
				SetLoadedEditorAssemblies (0ms)
				RefreshPlugins (1ms)
				BeforeProcessingInitializeOnLoad (78ms)
				ProcessInitializeOnLoadAttributes (154ms)
				ProcessInitializeOnLoadMethodAttributes (9ms)
				AfterProcessingInitializeOnLoad (5ms)
				EditorAssembliesLoaded (0ms)
			ExecutionOrderSort2 (0ms)
			AwakeInstancesAfterBackupRestoration (14ms)
Platform modules already initialized, skipping
Refreshing native plugins compatible for Editor in 0.63 ms, found 3 plugins.
Preloading 0 native plugins for Editor in 0.00 ms.
Unloading 3226 Unused Serialized files (Serialized files now loaded: 0)
System memory in use before: 141.3 MB.
System memory in use after: 141.5 MB.

Unloading 18 unused Assets to reduce memory usage. Loaded Objects now: 3835.
Total: 2.905200 ms (FindLiveObjects: 0.228600 ms CreateObjectMapping: 0.146300 ms MarkObjects: 2.512600 ms  DeleteObjects: 0.016900 ms)

AssetImportParameters requested are different than current active one (requested -> active):
  custom:framework-win-MediaFoundation: 216162199b28c13a410421893ffa2e32 -> 
  custom:video-decoder-ogg-theora: a1e56fd34408186e4bbccfd4996cb3dc -> 
  custom:container-muxer-webm: aa71ff27fc2769a1b78a27578f13a17b -> 
  custom:container-demuxer-webm: 4f35f7cbe854078d1ac9338744f61a02 -> 
  custom:container-demuxer-ogg: 62fdf1f143b41e24485cea50d1cbac27 -> 
  custom:video-encoder-webm-vp8: eb34c28f22e8b96e1ab97ce403110664 -> 
  custom:video-decoder-webm-vp8: 9c59270c3fd7afecdb556c50c9e8de78 -> 
  custom:audio-decoder-ogg-vorbis: bf7c407c2cedff20999df2af8eb42d56 -> 
  custom:audio-encoder-webm-vorbis: bf7c407c2cedff20999df2af8eb42d56 -> 
AssetImportWorkerClient::OnTransportError - code=2 error=End of file
